<?xml version="1.0" encoding="UTF-8"?>
<!-- Generated by org.testng.reporters.JUnitReportReporter -->
<testsuite name="eleks.com.pages_test.CreateEmailPage_test" tests="2" time="123.074" ignored="0" failures="0" timestamp="20 лют. 2017 10:05:16 GMT" skipped="0" hostname="ws-lv-cp2258" errors="0">
  <testcase name="createEmail_test" time="67.367" classname="eleks.com.pages_test.CreateEmailPage_test"/>
  <testcase name="createEmail_test" time="55.707" classname="eleks.com.pages_test.CreateEmailPage_test"/>
</testsuite> <!-- eleks.com.pages_test.CreateEmailPage_test -->
