<?xml version="1.0" encoding="UTF-8"?>
<!-- Generated by org.testng.reporters.JUnitReportReporter -->
<testsuite name="eleks.com.pages_test.MailBoxPage_test" tests="4" time="254.178" ignored="0" failures="0" timestamp="21 лют. 2017 13:25:01 GMT" skipped="0" hostname="ws-lv-cp2258" errors="0">
  <testcase name="navigateToSentEmailPage_test" time="65.841" classname="eleks.com.pages_test.MailBoxPage_test"/>
  <testcase name="navigateToSentEmailPage_test" time="63.242" classname="eleks.com.pages_test.MailBoxPage_test"/>
  <testcase name="logout_test" time="63.547" classname="eleks.com.pages_test.MailBoxPage_test"/>
  <testcase name="logout_test" time="61.548" classname="eleks.com.pages_test.MailBoxPage_test"/>
</testsuite> <!-- eleks.com.pages_test.MailBoxPage_test -->
