<?xml version="1.0" encoding="UTF-8"?>
<!-- Generated by org.testng.reporters.JUnitReportReporter -->
<testsuite name="eleks.com.pages_test.BasePage_test" tests="1" time="35.580" ignored="0" failures="0" timestamp="10 лют. 2017 15:51:21 GMT" skipped="0" hostname="ws-lv-cp2258" errors="0">
  <testcase name="test" time="35.580" classname="eleks.com.pages_test.BasePage_test"/>
</testsuite> <!-- eleks.com.pages_test.BasePage_test -->
