<?xml version="1.0" encoding="UTF-8"?>
<!-- Generated by org.testng.reporters.JUnitReportReporter -->
<testsuite name="eleks.com.pages_test.SuccessSendMailPage_test" tests="2" time="123.523" ignored="0" failures="0" timestamp="20 лют. 2017 10:05:16 GMT" skipped="0" hostname="ws-lv-cp2258" errors="0">
  <testcase name="navigateToMailBoxPage_test" time="74.645" classname="eleks.com.pages_test.SuccessSendMailPage_test"/>
  <testcase name="navigateToMailBoxPage_test" time="48.878" classname="eleks.com.pages_test.SuccessSendMailPage_test"/>
</testsuite> <!-- eleks.com.pages_test.SuccessSendMailPage_test -->
